<?xml version="1.0" encoding="UTF-8"?>
<!-- Generated by org.testng.reporters.JUnitReportReporter -->
<testsuite hostname="LAPTOP-G1NMUVBA" failures="0" tests="2" name="testLayer.YourAccountTest" time="40.292" errors="0" timestamp="2023-03-15T18:16:41 EDT" skipped="0">
  <testcase classname="testLayer.YourAccountTest" name="VerifyAccountHover" time="22.711"/>
  <system-out/>
  <testcase classname="testLayer.YourAccountTest" name="VerifyAccountClick" time="17.581"/>
  <system-out/>
</testsuite> <!-- testLayer.YourAccountTest -->
