<?xml version="1.0" encoding="UTF-8"?>
<!-- Generated by org.testng.reporters.JUnitReportReporter -->
<testsuite hostname="LAPTOP-G1NMUVBA" failures="0" tests="2" name="testLayer.CartTest" time="48.974" errors="0" timestamp="2023-03-19T21:54:35 EDT" skipped="0">
  <testcase classname="testLayer.CartTest" name="shoppingCart" time="19.464"/>
  <system-out/>
  <testcase classname="testLayer.CartTest" name="updateCount" time="29.510"/>
  <system-out/>
</testsuite> <!-- testLayer.CartTest -->
