<?xml version="1.0" encoding="UTF-8"?>
<!-- Generated by org.testng.reporters.JUnitReportReporter -->
<testsuite hostname="LAPTOP-G1NMUVBA" failures="0" tests="2" name="testLayer.PaymentTest" time="67.501" errors="0" timestamp="2023-03-19T18:03:52 EDT" skipped="0">
  <testcase classname="testLayer.PaymentTest" name="addCardTest" time="33.618"/>
  <system-out/>
  <testcase classname="testLayer.PaymentTest" name="addCardTest" time="33.883"/>
  <system-out/>
</testsuite> <!-- testLayer.PaymentTest -->
